Arguments: 
  C:\Program Files\nodejs\node.exe C:\Program Files (x86)\Yarn\bin\yarn.js install

PATH: 
  C:\Program Files\Common Files\Oracle\Java\javapath;C:\Windows\system32;C:\Windows;C:\Windows\System32\Wbem;C:\Windows\System32\WindowsPowerShell\v1.0\;C:\Windows\System32\OpenSSH\;C:\Program Files\nodejs\;C:\Program Files (x86)\Yarn\bin\;C:\Program Files\Git\cmd;C:\Program Files\Docker\Docker\resources\bin;C:\ProgramData\DockerDesktop\version-bin;C:\Users\Hasnat Amin\AppData\Local\Microsoft\WindowsApps;C:\Users\Hasnat Amin\AppData\Roaming\npm;C:\Users\Hasnat Amin\AppData\Local\Yarn\bin;C:\Users\Hasnat Amin\AppData\Local\Programs\Microsoft VS Code\bin;C:\Users\Hasnat Amin\AppData\Local\GitHubDesktop\bin

Yarn version: 
  1.22.4

Node version: 
  14.20.0

Platform: 
  win32 x64

Trace: 
  Error: connect ECONNABORTED 104.16.24.35:443
      at TCPConnectWrap.afterConnect [as oncomplete] (net.js:1159:16)

npm manifest: 
  {
    "name": "food-app-microservice-backend",
    "version": "1.10.4",
    "description": "",
    "main": "index.js",
    "scripts": {
      "start": "NODE_ENV=production node src/server.js",
      "start:dev": "NODE_ENV=development nodemon src/server.js",
      "test": "NODE_ENV=test jest --runInBand tests/app.test.js",
      "migrate": "node database-migration"
    },
    "repository": {
      "type": "git",
      "url": "git+https://github.com/Abd997/food-app-microservice-backend.git"
    },
    "keywords": [],
    "author": "",
    "license": "ISC",
    "bugs": {
      "url": "https://github.com/Abd997/food-app-microservice-backend/issues"
    },
    "homepage": "https://github.com/Abd997/food-app-microservice-backend#readme",
    "dependencies": {
      "@azure/storage-blob": "^12.10.0",
      "@types/stripe": "^8.0.417",
      "bcrypt": "^5.0.1",
      "cookie-parser": "^1.4.6",
      "dotenv": "^16.0.1",
      "ejs": "^3.1.8",
      "express": "^4.18.1",
      "express-validator": "^6.14.1",
      "jsonwebtoken": "^8.5.1",
      "mongoose": "^6.3.6",
      "multer": "^1.4.5-lts.1",
      "stripe": "^10.0.0"
    },
    "devDependencies": {
      "@types/jest": "^28.1.6",
      "axios": "^0.27.2",
      "jest": "^28.1.1",
      "nodemon": "^2.0.16",
      "supertest": "^6.2.3"
    }
  }

yarn manifest: 
  No manifest

Lockfile: 
  No lockfile
